0 info it worked if it ends with ok
1 verbose cli [ 'node', '/usr/bin/npm', 'start' ]
2 info using npm@2.7.1
3 info using node@v1.5.0
4 verbose node symlink /usr/bin/node
5 verbose run-script [ 'prestart', 'start', 'poststart' ]
6 info prestart noxious@0.0.8-alpha
7 info start noxious@0.0.8-alpha
8 verbose unsafe-perm in lifecycle true
9 info noxious@0.0.8-alpha Failed to exec start script
10 verbose stack Error: noxious@0.0.8-alpha start: `atom-shell .`
10 verbose stack Exit status 127
10 verbose stack     at EventEmitter.<anonymous> (/usr/lib/node_modules/npm/lib/utils/lifecycle.js:213:16)
10 verbose stack     at emitTwo (events.js:87:13)
10 verbose stack     at EventEmitter.emit (events.js:169:7)
10 verbose stack     at ChildProcess.<anonymous> (/usr/lib/node_modules/npm/lib/utils/spawn.js:14:12)
10 verbose stack     at emitTwo (events.js:87:13)
10 verbose stack     at ChildProcess.emit (events.js:169:7)
10 verbose stack     at maybeClose (child_process.js:984:16)
10 verbose stack     at Process.ChildProcess._handle.onexit (child_process.js:1057:5)
11 verbose pkgid noxious@0.0.8-alpha
12 verbose cwd /home/matt/noxious
13 error Linux 3.16.0-4-amd64
14 error argv "node" "/usr/bin/npm" "start"
15 error node v1.5.0
16 error npm  v2.7.1
17 error code ELIFECYCLE
18 error noxious@0.0.8-alpha start: `atom-shell .`
18 error Exit status 127
19 error Failed at the noxious@0.0.8-alpha start script 'atom-shell .'.
19 error This is most likely a problem with the noxious package,
19 error not with npm itself.
19 error Tell the author that this fails on your system:
19 error     atom-shell .
19 error You can get their info via:
19 error     npm owner ls noxious
19 error There is likely additional logging output above.
20 verbose exit [ 1, true ]
